[debug] [2024-01-16T00:55:11.689Z] ----------------------------------------------------------------------
[debug] [2024-01-16T00:55:11.694Z] Command:       C:\Program Files\nodejs\node.exe C:\Users\mateu\AppData\Roaming\npm\node_modules\firebase-tools\lib\bin\firebase.js init
[debug] [2024-01-16T00:55:11.694Z] CLI Version:   13.0.3
[debug] [2024-01-16T00:55:11.694Z] Platform:      win32
[debug] [2024-01-16T00:55:11.695Z] Node Version:  v21.2.0
[debug] [2024-01-16T00:55:11.695Z] Time:          Mon Jan 15 2024 21:55:11 GMT-0300 (Horário Padrão de Brasília)
[debug] [2024-01-16T00:55:11.695Z] ----------------------------------------------------------------------
[debug] 
[debug] [2024-01-16T00:55:11.719Z] > command requires scopes: ["email","openid","https://www.googleapis.com/auth/cloudplatformprojects.readonly","https://www.googleapis.com/auth/firebase","https://www.googleapis.com/auth/cloud-platform"]
[debug] [2024-01-16T00:55:11.720Z] > authorizing via signed-in user (mateusizaias369@gmail.com)
[info] 
     ######## #### ########  ######## ########     ###     ######  ########
     ##        ##  ##     ## ##       ##     ##  ##   ##  ##       ##
     ######    ##  ########  ######   ########  #########  ######  ######
     ##        ##  ##    ##  ##       ##     ## ##     ##       ## ##
     ##       #### ##     ## ######## ########  ##     ##  ######  ########

You're about to initialize a Firebase project in this directory:

  C:\Users\mateu\OneDrive\Pc at\test2

[info] 
=== Project Setup
[info] 
[info] First, let's associate this project directory with a Firebase project.
[info] You can create multiple project aliases by running firebase use --add, 
[info] but for now we'll just set up a default project.
[info] 
[debug] [2024-01-16T00:55:25.428Z] >>> [apiv2][query] GET https://firebase.googleapis.com/v1beta1/projects pageSize=100
[debug] [2024-01-16T00:55:26.209Z] <<< [apiv2][status] GET https://firebase.googleapis.com/v1beta1/projects 200
[debug] [2024-01-16T00:55:26.209Z] <<< [apiv2][body] GET https://firebase.googleapis.com/v1beta1/projects [omitted]
[info] i  Using project test2-40ea5 (test2) 
[info] 
=== Database Setup
[info] i  database: ensuring required API firebasedatabase.googleapis.com is enabled... 
[debug] [2024-01-16T00:55:28.471Z] >>> [apiv2][query] GET https://serviceusage.googleapis.com/v1/projects/test2-40ea5/services/firebasedatabase.googleapis.com [none]
[debug] [2024-01-16T00:55:28.471Z] >>> [apiv2][(partial)header] GET https://serviceusage.googleapis.com/v1/projects/test2-40ea5/services/firebasedatabase.googleapis.com x-goog-quota-user=projects/test2-40ea5
[debug] [2024-01-16T00:55:29.528Z] <<< [apiv2][status] GET https://serviceusage.googleapis.com/v1/projects/test2-40ea5/services/firebasedatabase.googleapis.com 200
[debug] [2024-01-16T00:55:29.528Z] <<< [apiv2][body] GET https://serviceusage.googleapis.com/v1/projects/test2-40ea5/services/firebasedatabase.googleapis.com [omitted]
[info] +  database: required API firebasedatabase.googleapis.com is enabled 
[info] 
[debug] [2024-01-16T00:55:29.529Z] >>> [apiv2][query] GET https://firebasedatabase.googleapis.com/v1beta/projects/test2-40ea5/locations/-/instances/test2-40ea5-default-rtdb [none]
[debug] [2024-01-16T00:55:30.740Z] <<< [apiv2][status] GET https://firebasedatabase.googleapis.com/v1beta/projects/test2-40ea5/locations/-/instances/test2-40ea5-default-rtdb 200
[debug] [2024-01-16T00:55:30.741Z] <<< [apiv2][body] GET https://firebasedatabase.googleapis.com/v1beta/projects/test2-40ea5/locations/-/instances/test2-40ea5-default-rtdb {"name":"projects/167443385766/locations/us-central1/instances/test2-40ea5-default-rtdb","project":"projects/167443385766","databaseUrl":"https://test2-40ea5-default-rtdb.firebaseio.com","type":"DEFAULT_DATABASE","state":"ACTIVE"}
[info] 
[info] Firebase Realtime Database Security Rules allow you to define how your data should be
[info] structured and when your data can be read from and written to.
[info] 
[debug] [2024-01-16T00:55:37.973Z] >>> [apiv2][query] GET https://test2-40ea5-default-rtdb.firebaseio.com/.settings/rules.json [none]
[debug] [2024-01-16T00:55:38.316Z] <<< [apiv2][status] GET https://test2-40ea5-default-rtdb.firebaseio.com/.settings/rules.json 200
[debug] [2024-01-16T00:55:38.317Z] <<< [apiv2][body] GET https://test2-40ea5-default-rtdb.firebaseio.com/.settings/rules.json [stream]
[info] +  Database Rules for test2-40ea5-default-rtdb have been written to database.rules.json. 
[info] Future modifications to database.rules.json will update Realtime Database Security Rules when you run
[info] firebase deploy.
[info] 
=== Firestore Setup
[debug] [2024-01-16T00:55:38.327Z] >>> [apiv2][query] GET https://serviceusage.googleapis.com/v1/projects/test2-40ea5/services/firestore.googleapis.com [none]
[debug] [2024-01-16T00:55:38.327Z] >>> [apiv2][(partial)header] GET https://serviceusage.googleapis.com/v1/projects/test2-40ea5/services/firestore.googleapis.com x-goog-quota-user=projects/test2-40ea5
[debug] [2024-01-16T00:55:39.432Z] <<< [apiv2][status] GET https://serviceusage.googleapis.com/v1/projects/test2-40ea5/services/firestore.googleapis.com 200
[debug] [2024-01-16T00:55:39.432Z] <<< [apiv2][body] GET https://serviceusage.googleapis.com/v1/projects/test2-40ea5/services/firestore.googleapis.com [omitted]
[debug] [2024-01-16T00:55:39.432Z] >>> [apiv2][query] GET https://firestore.googleapis.com/v1/projects/test2-40ea5/databases/(default) [none]
[debug] [2024-01-16T00:55:39.666Z] <<< [apiv2][status] GET https://firestore.googleapis.com/v1/projects/test2-40ea5/databases/(default) 200
[debug] [2024-01-16T00:55:39.666Z] <<< [apiv2][body] GET https://firestore.googleapis.com/v1/projects/test2-40ea5/databases/(default) {"name":"projects/test2-40ea5/databases/(default)","uid":"4bae7085-9dbe-4891-9d14-b7e0e5d6c3de","createTime":"2024-01-16T00:54:40.825932Z","updateTime":"2024-01-16T00:54:40.825932Z","locationId":"southamerica-east1","type":"FIRESTORE_NATIVE","concurrencyMode":"PESSIMISTIC","versionRetentionPeriod":"3600s","earliestVersionTime":"2024-01-16T00:54:40.825932Z","appEngineIntegrationMode":"DISABLED","keyPrefix":"i","pointInTimeRecoveryEnablement":"POINT_IN_TIME_RECOVERY_DISABLED","deleteProtectionState":"DELETE_PROTECTION_DISABLED","etag":"IIvouLbZ4IMDMMzctJrZ4IMD"}
[debug] [2024-01-16T00:55:39.666Z] database_type: FIRESTORE_NATIVE
[debug] [2024-01-16T00:55:39.667Z] > command requires scopes: ["email","openid","https://www.googleapis.com/auth/cloudplatformprojects.readonly","https://www.googleapis.com/auth/firebase","https://www.googleapis.com/auth/cloud-platform"]
[debug] [2024-01-16T00:55:39.667Z] > authorizing via signed-in user (mateusizaias369@gmail.com)
[debug] [2024-01-16T00:55:39.667Z] [iam] checking project test2-40ea5 for permissions ["firebase.projects.get"]
[debug] [2024-01-16T00:55:39.668Z] >>> [apiv2][query] POST https://cloudresourcemanager.googleapis.com/v1/projects/test2-40ea5:testIamPermissions [none]
[debug] [2024-01-16T00:55:39.668Z] >>> [apiv2][(partial)header] POST https://cloudresourcemanager.googleapis.com/v1/projects/test2-40ea5:testIamPermissions x-goog-quota-user=projects/test2-40ea5
[debug] [2024-01-16T00:55:39.668Z] >>> [apiv2][body] POST https://cloudresourcemanager.googleapis.com/v1/projects/test2-40ea5:testIamPermissions {"permissions":["firebase.projects.get"]}
[debug] [2024-01-16T00:55:40.544Z] <<< [apiv2][status] POST https://cloudresourcemanager.googleapis.com/v1/projects/test2-40ea5:testIamPermissions 200
[debug] [2024-01-16T00:55:40.544Z] <<< [apiv2][body] POST https://cloudresourcemanager.googleapis.com/v1/projects/test2-40ea5:testIamPermissions {"permissions":["firebase.projects.get"]}
[info] 
[info] Firestore Security Rules allow you to define how and when to allow
[info] requests. You can keep these rules in your project directory
[info] and publish them with firebase deploy.
[info] 
[debug] [2024-01-16T00:55:42.587Z] >>> [apiv2][query] GET https://firebaserules.googleapis.com/v1/projects/test2-40ea5/releases pageSize=10&pageToken=
[debug] [2024-01-16T00:55:43.577Z] <<< [apiv2][status] GET https://firebaserules.googleapis.com/v1/projects/test2-40ea5/releases 200
[debug] [2024-01-16T00:55:43.577Z] <<< [apiv2][body] GET https://firebaserules.googleapis.com/v1/projects/test2-40ea5/releases {"releases":[{"name":"projects/test2-40ea5/releases/cloud.firestore","rulesetName":"projects/test2-40ea5/rulesets/f0dbe07f-a275-4f0b-b917-1d1e4610eaba","createTime":"2024-01-16T00:54:48.086649Z","updateTime":"2024-01-16T00:54:48.086649Z"}]}
[debug] [2024-01-16T00:55:43.577Z] Found ruleset: projects/test2-40ea5/rulesets/f0dbe07f-a275-4f0b-b917-1d1e4610eaba
[debug] [2024-01-16T00:55:43.578Z] >>> [apiv2][query] GET https://firebaserules.googleapis.com/v1/projects/test2-40ea5/rulesets/f0dbe07f-a275-4f0b-b917-1d1e4610eaba [none]
[debug] [2024-01-16T00:55:44.483Z] <<< [apiv2][status] GET https://firebaserules.googleapis.com/v1/projects/test2-40ea5/rulesets/f0dbe07f-a275-4f0b-b917-1d1e4610eaba 200
[debug] [2024-01-16T00:55:44.484Z] <<< [apiv2][body] GET https://firebaserules.googleapis.com/v1/projects/test2-40ea5/rulesets/f0dbe07f-a275-4f0b-b917-1d1e4610eaba [omitted]
[info] 
[info] Firestore indexes allow you to perform complex queries while
[info] maintaining performance that scales with the size of the result
[info] set. You can keep index definitions in your project directory
[info] and publish them with firebase deploy.
[info] 
[debug] [2024-01-16T00:55:46.368Z] >>> [apiv2][query] GET https://firestore.googleapis.com/v1/projects/test2-40ea5/databases/(default)/collectionGroups/-/indexes [none]
[debug] [2024-01-16T00:55:46.388Z] >>> [apiv2][query] GET https://firestore.googleapis.com/v1/projects/test2-40ea5/databases/(default)/collectionGroups/-/fields?filter=indexConfig.usesAncestorConfig=false OR ttlConfig:* [none]
[debug] [2024-01-16T00:55:46.527Z] <<< [apiv2][status] GET https://firestore.googleapis.com/v1/projects/test2-40ea5/databases/(default)/collectionGroups/-/indexes 200
[debug] [2024-01-16T00:55:46.527Z] <<< [apiv2][body] GET https://firestore.googleapis.com/v1/projects/test2-40ea5/databases/(default)/collectionGroups/-/indexes {}
[debug] [2024-01-16T00:55:46.611Z] <<< [apiv2][status] GET https://firestore.googleapis.com/v1/projects/test2-40ea5/databases/(default)/collectionGroups/-/fields?filter=indexConfig.usesAncestorConfig=false OR ttlConfig:* 200
[debug] [2024-01-16T00:55:46.611Z] <<< [apiv2][body] GET https://firestore.googleapis.com/v1/projects/test2-40ea5/databases/(default)/collectionGroups/-/fields?filter=indexConfig.usesAncestorConfig=false OR ttlConfig:* {"fields":[{"name":"projects/test2-40ea5/databases/(default)/collectionGroups/__default__/fields/*","indexConfig":{"indexes":[{"queryScope":"COLLECTION","fields":[{"fieldPath":"*","order":"ASCENDING"}],"state":"READY"},{"queryScope":"COLLECTION","fields":[{"fieldPath":"*","order":"DESCENDING"}],"state":"READY"},{"queryScope":"COLLECTION","fields":[{"fieldPath":"*","arrayConfig":"CONTAINS"}],"state":"READY"}]}}]}
[info] 
=== Functions Setup
[debug] [2024-01-16T00:55:46.631Z] > command requires scopes: ["email","openid","https://www.googleapis.com/auth/cloudplatformprojects.readonly","https://www.googleapis.com/auth/firebase","https://www.googleapis.com/auth/cloud-platform"]
[debug] [2024-01-16T00:55:46.632Z] > authorizing via signed-in user (mateusizaias369@gmail.com)
[debug] [2024-01-16T00:55:46.632Z] [iam] checking project test2-40ea5 for permissions ["firebase.projects.get"]
[debug] [2024-01-16T00:55:46.632Z] >>> [apiv2][query] POST https://cloudresourcemanager.googleapis.com/v1/projects/test2-40ea5:testIamPermissions [none]
[debug] [2024-01-16T00:55:46.632Z] >>> [apiv2][(partial)header] POST https://cloudresourcemanager.googleapis.com/v1/projects/test2-40ea5:testIamPermissions x-goog-quota-user=projects/test2-40ea5
[debug] [2024-01-16T00:55:46.633Z] >>> [apiv2][body] POST https://cloudresourcemanager.googleapis.com/v1/projects/test2-40ea5:testIamPermissions {"permissions":["firebase.projects.get"]}
[debug] [2024-01-16T00:55:47.729Z] <<< [apiv2][status] POST https://cloudresourcemanager.googleapis.com/v1/projects/test2-40ea5:testIamPermissions 200
[debug] [2024-01-16T00:55:47.729Z] <<< [apiv2][body] POST https://cloudresourcemanager.googleapis.com/v1/projects/test2-40ea5:testIamPermissions {"permissions":["firebase.projects.get"]}
[debug] [2024-01-16T00:55:47.730Z] >>> [apiv2][query] GET https://serviceusage.googleapis.com/v1/projects/test2-40ea5/services/cloudfunctions.googleapis.com [none]
[debug] [2024-01-16T00:55:47.730Z] >>> [apiv2][(partial)header] GET https://serviceusage.googleapis.com/v1/projects/test2-40ea5/services/cloudfunctions.googleapis.com x-goog-quota-user=projects/test2-40ea5
[debug] [2024-01-16T00:55:47.733Z] >>> [apiv2][query] GET https://serviceusage.googleapis.com/v1/projects/test2-40ea5/services/runtimeconfig.googleapis.com [none]
[debug] [2024-01-16T00:55:47.733Z] >>> [apiv2][(partial)header] GET https://serviceusage.googleapis.com/v1/projects/test2-40ea5/services/runtimeconfig.googleapis.com x-goog-quota-user=projects/test2-40ea5
[debug] [2024-01-16T00:55:48.794Z] <<< [apiv2][status] GET https://serviceusage.googleapis.com/v1/projects/test2-40ea5/services/runtimeconfig.googleapis.com 200
[debug] [2024-01-16T00:55:48.794Z] <<< [apiv2][body] GET https://serviceusage.googleapis.com/v1/projects/test2-40ea5/services/runtimeconfig.googleapis.com [omitted]
[debug] [2024-01-16T00:55:48.973Z] <<< [apiv2][status] GET https://serviceusage.googleapis.com/v1/projects/test2-40ea5/services/cloudfunctions.googleapis.com 200
[debug] [2024-01-16T00:55:48.973Z] <<< [apiv2][body] GET https://serviceusage.googleapis.com/v1/projects/test2-40ea5/services/cloudfunctions.googleapis.com [omitted]
[debug] [2024-01-16T00:55:48.975Z] >>> [apiv2][query] POST https://serviceusage.googleapis.com/v1/projects/test2-40ea5/services/cloudfunctions.googleapis.com:enable [none]
[debug] [2024-01-16T00:55:48.975Z] >>> [apiv2][(partial)header] POST https://serviceusage.googleapis.com/v1/projects/test2-40ea5/services/cloudfunctions.googleapis.com:enable x-goog-quota-user=projects/test2-40ea5
[debug] [2024-01-16T00:55:50.718Z] <<< [apiv2][status] POST https://serviceusage.googleapis.com/v1/projects/test2-40ea5/services/cloudfunctions.googleapis.com:enable 200
[debug] [2024-01-16T00:55:50.718Z] <<< [apiv2][body] POST https://serviceusage.googleapis.com/v1/projects/test2-40ea5/services/cloudfunctions.googleapis.com:enable [omitted]
[debug] [2024-01-16T00:56:00.724Z] >>> [apiv2][query] GET https://serviceusage.googleapis.com/v1/projects/test2-40ea5/services/cloudfunctions.googleapis.com [none]
[debug] [2024-01-16T00:56:00.724Z] >>> [apiv2][(partial)header] GET https://serviceusage.googleapis.com/v1/projects/test2-40ea5/services/cloudfunctions.googleapis.com x-goog-quota-user=projects/test2-40ea5
[debug] [2024-01-16T00:56:01.992Z] <<< [apiv2][status] GET https://serviceusage.googleapis.com/v1/projects/test2-40ea5/services/cloudfunctions.googleapis.com 200
[debug] [2024-01-16T00:56:01.993Z] <<< [apiv2][body] GET https://serviceusage.googleapis.com/v1/projects/test2-40ea5/services/cloudfunctions.googleapis.com [omitted]
[info] Let's create a new codebase for your functions.
[info] A directory corresponding to the codebase will be created in your project
[info] with sample code pre-configured.

[info] See https://firebase.google.com/docs/functions/organize-functions for
[info] more information on organizing your functions using codebases.

[info] Functions can be deployed with firebase deploy.

[info] +  Wrote functions/package.json 
[info] +  Wrote functions/.eslintrc.js 
[info] +  Wrote functions/index.js 
[info] +  Wrote functions/.gitignore 
[info] 
=== Hosting Setup
[debug] [2024-01-16T00:57:52.090Z] >>> [apiv2][query] GET https://firebase.googleapis.com/v1beta1/projects/test2-40ea5 [none]
[debug] [2024-01-16T00:57:52.556Z] <<< [apiv2][status] GET https://firebase.googleapis.com/v1beta1/projects/test2-40ea5 200
[debug] [2024-01-16T00:57:52.557Z] <<< [apiv2][body] GET https://firebase.googleapis.com/v1beta1/projects/test2-40ea5 {"projectId":"test2-40ea5","projectNumber":"167443385766","displayName":"test2","name":"projects/test2-40ea5","resources":{"hostingSite":"test2-40ea5","realtimeDatabaseInstance":"test2-40ea5-default-rtdb"},"state":"ACTIVE","etag":"1_4a40c5f1-cbe9-4700-9bfd-e2f6b5b26909"}
[info] 
[info] Your public directory is the folder (relative to your project directory) that
[info] will contain Hosting assets to be uploaded with firebase deploy. If you
[info] have a build process for your assets, use your build's output directory.
[info] 
[debug] [2024-01-16T00:58:14.650Z] >>> [apiv2][query] GET https://www.gstatic.com/firebasejs/releases.json [none]
[debug] [2024-01-16T00:58:14.860Z] <<< [apiv2][status] GET https://www.gstatic.com/firebasejs/releases.json 200
[debug] [2024-01-16T00:58:14.860Z] <<< [apiv2][body] GET https://www.gstatic.com/firebasejs/releases.json {"current":{"version":"10.7.1","browserURL":"https://www.gstatic.com/firebasejs/10.7.1/firebase.js","packageURL":"https://www.gstatic.com/firebasejs/10.7.1/firebase.tgz"},"live":{"version":"10.7","browserURL":"https://www.gstatic.com/firebasejs/live/10.7/firebase.js","packageURL":"https://www.gstatic.com/firebasejs/live/10.7/firebase.tgz"},"components":{"analytics":"https://www.gstatic.com/firebasejs/10.7.1/firebase-analytics.js","app":"https://www.gstatic.com/firebasejs/10.7.1/firebase-app.js","app-check":"https://www.gstatic.com/firebasejs/10.7.1/firebase-app-check.js","auth":"https://www.gstatic.com/firebasejs/10.7.1/firebase-auth.js","auth/cordova":"https://www.gstatic.com/firebasejs/10.7.1/firebase-auth/cordova.js","functions":"https://www.gstatic.com/firebasejs/10.7.1/firebase-functions.js","firestore":"https://www.gstatic.com/firebasejs/10.7.1/firebase-firestore.js","firestore/lite":"https://www.gstatic.com/firebasejs/10.7.1/firebase-firestore/lite.js","installations":"https://www.gstatic.com/firebasejs/10.7.1/firebase-installations.js","storage":"https://www.gstatic.com/firebasejs/10.7.1/firebase-storage.js","performance":"https://www.gstatic.com/firebasejs/10.7.1/firebase-performance.js","remote-config":"https://www.gstatic.com/firebasejs/10.7.1/firebase-remote-config.js","messaging":"https://www.gstatic.com/firebasejs/10.7.1/firebase-messaging.js","messaging/sw":"https://www.gstatic.com/firebasejs/10.7.1/firebase-messaging/sw.js","database":"https://www.gstatic.com/firebasejs/10.7.1/firebase-database.js","firestore.memory":"https://www.gstatic.com/firebasejs/10.7.1/firebase-firestore.memory.js"}}
[info] +  Wrote public/index.html 
[info] 
[info] i  Didn't detect a .git folder. Assuming C:\Users\mateu\OneDrive\Pc at\test2 is the project root. 
[info] i  Authorizing with GitHub to upload your service account to a GitHub repository's secrets store. 
[info] 
[info] Visit this URL on this device to log in:
[info] https://github.com/login/oauth/authorize?client_id=89cf50f02ac6aaed3484&state=228572044&redirect_uri=http%3A%2F%2Flocalhost%3A9005&scope=read%3Auser%20repo%20public_repo
[info] 
[info] Waiting for authentication...
[debug] [2024-01-16T00:58:22.192Z] >>> [apiv2][query] POST https://github.com/login/oauth/access_token [none]
[debug] [2024-01-16T00:58:22.192Z] >>> [apiv2][body] POST https://github.com/login/oauth/access_token [stream]
[debug] [2024-01-16T00:58:22.609Z] <<< [apiv2][status] POST https://github.com/login/oauth/access_token 200
[debug] [2024-01-16T00:58:22.610Z] <<< [apiv2][body] POST https://github.com/login/oauth/access_token {"access_token":"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","token_type":"bearer","scope":"read:user,repo"}
[debug] [2024-01-16T00:58:22.621Z] >>> [apiv2][query] GET https://api.github.com/user [none]
[debug] [2024-01-16T00:58:24.015Z] <<< [apiv2][status] GET https://api.github.com/user 200
[debug] [2024-01-16T00:58:24.015Z] <<< [apiv2][body] GET https://api.github.com/user {"login":"Teus369","id":121731294,"node_id":"U_kgDOB0F43g","avatar_url":"https://avatars.githubusercontent.com/u/121731294?v=4","gravatar_id":"","url":"https://api.github.com/users/Teus369","html_url":"https://github.com/Teus369","followers_url":"https://api.github.com/users/Teus369/followers","following_url":"https://api.github.com/users/Teus369/following{/other_user}","gists_url":"https://api.github.com/users/Teus369/gists{/gist_id}","starred_url":"https://api.github.com/users/Teus369/starred{/owner}{/repo}","subscriptions_url":"https://api.github.com/users/Teus369/subscriptions","organizations_url":"https://api.github.com/users/Teus369/orgs","repos_url":"https://api.github.com/users/Teus369/repos","events_url":"https://api.github.com/users/Teus369/events{/privacy}","received_events_url":"https://api.github.com/users/Teus369/received_events","type":"User","site_admin":false,"name":null,"company":null,"blog":"","location":null,"email":null,"hireable":null,"bio":null,"twitter_username":null,"public_repos":17,"public_gists":0,"followers":2,"following":3,"created_at":"2022-12-31T18:39:21Z","updated_at":"2024-01-16T00:58:20Z","private_gists":0,"total_private_repos":1,"owned_private_repos":1,"disk_usage":58871,"collaborators":0,"two_factor_authentication":false,"plan":{"name":"free","space":976562499,"collaborators":0,"private_repos":10000}}
[info] 
[info] +  Success! Logged into GitHub as Teus369 
[info] 
